This is XeTeX, Version 3.14159265-2.6-0.999991 (MiKTeX 2.9.6930 64-bit) (preloaded format=xelatex 2019.1.27)  4 FEB 2019 18:46
entering extended mode
**./standard-DINA4-C6_online-stamp.tex
(standard-DINA4-C6_online-stamp.tex
LaTeX2e <2018-12-01>

("C:\Users\Websiteshop\AppData\Local\Programs\MiKTeX 2.9\tex/latex/koma-script\
scrlttr2.cls"
Document Class: scrlttr2 2018/12/30 v3.26a KOMA-Script document class (letter)

("C:\Users\Websiteshop\AppData\Local\Programs\MiKTeX 2.9\tex/latex/koma-script\
scrkbase.sty"
Package: scrkbase 2018/12/30 v3.26a KOMA-Script package (KOMA-Script-dependent 
basics and keyval usage)

("C:\Users\Websiteshop\AppData\Local\Programs\MiKTeX 2.9\tex/latex/koma-script\
scrbase.sty"
Package: scrbase 2018/12/30 v3.26a KOMA-Script package (KOMA-Script-independent
 basics and keyval usage)

("C:\Users\Websiteshop\AppData\Local\Programs\MiKTeX 2.9\tex/latex/graphics\key
val.sty"
Package: keyval 2014/10/28 v1.15 key=value parser (DPC)
\KV@toks@=\toks14
)
("C:\Users\Websiteshop\AppData\Local\Programs\MiKTeX 2.9\tex/latex/koma-script\
scrlfile.sty"
Package: scrlfile 2018/12/30 v3.26a KOMA-Script package (loading files)
)))
Class scrlttr2 Info: Switching compatibility level to `last'.
Class scrlttr2 Info: File `scrsize12pt.clo' used to setup font sizes on input l
ine 1837.

("C:\Users\Websiteshop\AppData\Local\Programs\MiKTeX 2.9\tex/latex/koma-script\
scrsize12pt.clo"
File: scrsize12pt.clo 2018/12/30 v3.26a KOMA-Script font size class option (12p
t)
)
("C:\Users\Websiteshop\AppData\Local\Programs\MiKTeX 2.9\tex/latex/koma-script\
typearea.sty"
Package: typearea 2018/12/30 v3.26a KOMA-Script package (type area)
\ta@bcor=\skip41
\ta@div=\count80
Package typearea Info: Switching compatibility level to `last'.
\ta@hblk=\skip42
\ta@vblk=\skip43
\ta@temp=\skip44
\footheight=\skip45
Package typearea Info: These are the values describing the layout:
(typearea)             DIV  = 12
(typearea)             BCOR = 0.0pt
(typearea)             \paperwidth      = 597.50793pt
(typearea)              \textwidth      = 448.13095pt
(typearea)              DIV departure   = -6%
(typearea)              \evensidemargin = 2.4185pt
(typearea)              \oddsidemargin  = 2.4185pt
(typearea)             \paperheight     = 845.04694pt
(typearea)              \textheight     = 635.5pt
(typearea)              \topmargin      = -41.72441pt
(typearea)              \headheight     = 18.125pt
(typearea)              \headsep        = 21.75pt
(typearea)              \topskip        = 12.0pt
(typearea)              \footskip       = 50.75pt
(typearea)              \baselineskip   = 14.5pt
(typearea)              on input line 1714.
)
\c@letter=\count81
)
Class scrlttr2 Info: Letter-Class-Option `DIN' loaded on input line 6.

("C:\Users\Websiteshop\AppData\Local\Programs\MiKTeX 2.9\tex/latex/koma-script\
DIN.lco"
File: DIN.lco 2018/12/30 v3.26a KOMA-Script letter-class-option
)
("C:\Users\Websiteshop\AppData\Local\Programs\MiKTeX 2.9\tex/generic/babel\babe
l.sty"
Package: babel 2018/11/13 3.27 The Babel package

("C:\Users\Websiteshop\AppData\Local\Programs\MiKTeX 2.9\tex/generic/babel\swit
ch.def"
File: switch.def 2018/11/13 3.27 Babel switching mechanism
)
*************************************
* Local config file bblopts.cfg used
*

("C:\Users\Websiteshop\AppData\Local\Programs\MiKTeX 2.9\tex/latex/arabi\bblopt
s.cfg"
File: bblopts.cfg 2005/09/08 v0.1 add Arabic and Farsi to "declared" options of
 babel
)
("C:\Users\Websiteshop\AppData\Local\Programs\MiKTeX 2.9\tex/latex/babel-german
\ngerman.ldf"
Language: ngerman 2018/12/08 v2.11 German support for babel (post-1996 orthogra
phy)

("C:\Users\Websiteshop\AppData\Local\Programs\MiKTeX 2.9\tex/latex/babel-german
\ngermanb.ldf"
Language: ngermanb 2018/12/08 v2.11 German support for babel (post-1996 orthogr
aphy)

("C:\Users\Websiteshop\AppData\Local\Programs\MiKTeX 2.9\tex/generic/babel\babe
l.def"
File: babel.def 2018/11/13 3.27 Babel common definitions
\babel@savecnt=\count82
\U@D=\dimen102

("C:\Users\Websiteshop\AppData\Local\Programs\MiKTeX 2.9\tex/generic/babel\xeba
bel.def"
("C:\Users\Websiteshop\AppData\Local\Programs\MiKTeX 2.9\tex/generic/babel\txtb
abel.def"))
\bbl@dirlevel=\count83
)
Package babel Info: Making " an active character on input line 121.
)))
("C:\Users\Websiteshop\AppData\Local\Programs\MiKTeX 2.9\tex/latex/base\inputen
c.sty"
Package: inputenc 2018/08/11 v1.3c Input encoding file
\inpenc@prehook=\toks15
\inpenc@posthook=\toks16


Package inputenc Warning: inputenc package ignored with utf8 based engines.

)
("C:\Users\Websiteshop\AppData\Local\Programs\MiKTeX 2.9\tex/latex/fontspec\fon
tspec.sty"
("C:\Users\Websiteshop\AppData\Local\Programs\MiKTeX 2.9\tex/latex/l3packages/x
parse\xparse.sty"
("C:\Users\Websiteshop\AppData\Local\Programs\MiKTeX 2.9\tex/latex/l3kernel\exp
l3.sty"
Package: expl3 2019-01-13 L3 programming layer (loader) 

("C:\Users\Websiteshop\AppData\Local\Programs\MiKTeX 2.9\tex/latex/l3kernel\exp
l3-code.tex"
Package: expl3 2019-01-13 L3 programming layer (code)
\c_max_int=\count84
\l_tmpa_int=\count85
\l_tmpb_int=\count86
\g_tmpa_int=\count87
\g_tmpb_int=\count88
\g__kernel_prg_map_int=\count89
\c_log_iow=\count90
\l_iow_line_count_int=\count91
\l__iow_line_target_int=\count92
\l__iow_one_indent_int=\count93
\l__iow_indent_int=\count94
\c_zero_dim=\dimen103
\c_max_dim=\dimen104
\l_tmpa_dim=\dimen105
\l_tmpb_dim=\dimen106
\g_tmpa_dim=\dimen107
\g_tmpb_dim=\dimen108
\c_zero_skip=\skip46
\c_max_skip=\skip47
\l_tmpa_skip=\skip48
\l_tmpb_skip=\skip49
\g_tmpa_skip=\skip50
\g_tmpb_skip=\skip51
\c_zero_muskip=\muskip10
\c_max_muskip=\muskip11
\l_tmpa_muskip=\muskip12
\l_tmpb_muskip=\muskip13
\g_tmpa_muskip=\muskip14
\g_tmpb_muskip=\muskip15
\l_keys_choice_int=\count95
\l__intarray_loop_int=\count96
\c__intarray_sp_dim=\dimen109
\g__intarray_font_int=\count97
\c__fp_leading_shift_int=\count98
\c__fp_middle_shift_int=\count99
\c__fp_trailing_shift_int=\count100
\c__fp_big_leading_shift_int=\count101
\c__fp_big_middle_shift_int=\count102
\c__fp_big_trailing_shift_int=\count103
\c__fp_Bigg_leading_shift_int=\count104
\c__fp_Bigg_middle_shift_int=\count105
\c__fp_Bigg_trailing_shift_int=\count106
\g__fp_array_int=\count107
\l__fp_array_loop_int=\count108
\l__sort_length_int=\count109
\l__sort_min_int=\count110
\l__sort_top_int=\count111
\l__sort_max_int=\count112
\l__sort_true_max_int=\count113
\l__sort_block_int=\count114
\l__sort_begin_int=\count115
\l__sort_end_int=\count116
\l__sort_A_int=\count117
\l__sort_B_int=\count118
\l__sort_C_int=\count119
\l__tl_analysis_normal_int=\count120
\l__tl_analysis_index_int=\count121
\l__tl_analysis_nesting_int=\count122
\l__tl_analysis_type_int=\count123
\l__regex_internal_a_int=\count124
\l__regex_internal_b_int=\count125
\l__regex_internal_c_int=\count126
\l__regex_balance_int=\count127
\l__regex_group_level_int=\count128
\l__regex_mode_int=\count129
\c__regex_cs_in_class_mode_int=\count130
\c__regex_cs_mode_int=\count131
\l__regex_catcodes_int=\count132
\l__regex_default_catcodes_int=\count133
\c__regex_catcode_L_int=\count134
\c__regex_catcode_O_int=\count135
\c__regex_catcode_A_int=\count136
\c__regex_all_catcodes_int=\count137
\l__regex_show_lines_int=\count138
\l__regex_min_state_int=\count139
\l__regex_max_state_int=\count140
\l__regex_left_state_int=\count141
\l__regex_right_state_int=\count142
\l__regex_capturing_group_int=\count143
\l__regex_min_pos_int=\count144
\l__regex_max_pos_int=\count145
\l__regex_curr_pos_int=\count146
\l__regex_start_pos_int=\count147
\l__regex_success_pos_int=\count148
\l__regex_curr_char_int=\count149
\l__regex_curr_catcode_int=\count150
\l__regex_last_char_int=\count151
\l__regex_case_changed_char_int=\count152
\l__regex_curr_state_int=\count153
\l__regex_step_int=\count154
\l__regex_min_active_int=\count155
\l__regex_max_active_int=\count156
\l__regex_replacement_csnames_int=\count157
\l__regex_match_count_int=\count158
\l__regex_min_submatch_int=\count159
\l__regex_submatch_int=\count160
\l__regex_zeroth_submatch_int=\count161
\g__regex_trace_regex_int=\count162
\c_empty_box=\box27
\l_tmpa_box=\box28
\l_tmpb_box=\box29
\g_tmpa_box=\box30
\g_tmpb_box=\box31
\l__box_top_dim=\dimen110
\l__box_bottom_dim=\dimen111
\l__box_left_dim=\dimen112
\l__box_right_dim=\dimen113
\l__box_top_new_dim=\dimen114
\l__box_bottom_new_dim=\dimen115
\l__box_left_new_dim=\dimen116
\l__box_right_new_dim=\dimen117
\l__box_internal_box=\box32
\l__coffin_internal_box=\box33
\l__coffin_internal_dim=\dimen118
\l__coffin_offset_x_dim=\dimen119
\l__coffin_offset_y_dim=\dimen120
\l__coffin_x_dim=\dimen121
\l__coffin_y_dim=\dimen122
\l__coffin_x_prime_dim=\dimen123
\l__coffin_y_prime_dim=\dimen124
\c_empty_coffin=\box34
\l__coffin_aligned_coffin=\box35
\l__coffin_aligned_internal_coffin=\box36
\l_tmpa_coffin=\box37
\l_tmpb_coffin=\box38
\l__coffin_display_coffin=\box39
\l__coffin_display_coord_coffin=\box40
\l__coffin_display_pole_coffin=\box41
\l__coffin_display_offset_dim=\dimen125
\l__coffin_display_x_dim=\dimen126
\l__coffin_display_y_dim=\dimen127
\g__file_internal_ior=\read1
\l__coffin_bounding_shift_dim=\dimen128
\l__coffin_left_corner_dim=\dimen129
\l__coffin_right_corner_dim=\dimen130
\l__coffin_bottom_corner_dim=\dimen131
\l__coffin_top_corner_dim=\dimen132
\l__coffin_scaled_total_height_dim=\dimen133
\l__coffin_scaled_width_dim=\dimen134
\l__seq_internal_a_int=\count163
\l__seq_internal_b_int=\count164
)
("C:\Users\Websiteshop\AppData\Local\Programs\MiKTeX 2.9\tex/latex/l3kernel\l3x
dvipdfmx.def"
File: l3xdvidpfmx.def 2019-01-13 v L3 Experimental driver: xdvipdfmx
\g__driver_image_int=\count165
\g__driver_pdf_object_int=\count166
))
Package: xparse 2018-10-17 L3 Experimental document command parser
\l__xparse_current_arg_int=\count167
\g__xparse_grabber_int=\count168
\l__xparse_m_args_int=\count169
\l__xparse_mandatory_args_int=\count170
\l__xparse_v_nesting_int=\count171
)
Package: fontspec 2019/01/25 v2.7a Font selection for XeLaTeX and LuaLaTeX

("C:\Users\Websiteshop\AppData\Local\Programs\MiKTeX 2.9\tex/latex/fontspec\fon
tspec-xetex.sty"
Package: fontspec-xetex 2019/01/25 v2.7a Font selection for XeLaTeX and LuaLaTe
X
\l__fontspec_script_int=\count172
\l__fontspec_language_int=\count173
\l__fontspec_strnum_int=\count174
\l__fontspec_tmp_int=\count175
\l__fontspec_tmpa_int=\count176
\l__fontspec_tmpb_int=\count177
\l__fontspec_tmpc_int=\count178
\l__fontspec_em_int=\count179
\l__fontspec_emdef_int=\count180
\l__fontspec_strong_int=\count181
\l__fontspec_strongdef_int=\count182
\l__fontspec_tmpa_dim=\dimen135
\l__fontspec_tmpb_dim=\dimen136
\l__fontspec_tmpc_dim=\dimen137

("C:\Users\Websiteshop\AppData\Local\Programs\MiKTeX 2.9\tex/latex/base\fontenc
.sty"
Package: fontenc 2018/08/11 v2.0j Standard LaTeX package

("C:\Users\Websiteshop\AppData\Local\Programs\MiKTeX 2.9\tex/latex/base\tuenc.d
ef"
File: tuenc.def 2018/08/11 v2.0j Standard LaTeX file
LaTeX Font Info:    Redeclaring font encoding TU on input line 82.
))
("C:\Users\Websiteshop\AppData\Local\Programs\MiKTeX 2.9\tex/latex/fontspec\fon
tspec.cfg")
LaTeX Info: Redefining \itshape on input line 4017.
LaTeX Info: Redefining \slshape on input line 4022.
LaTeX Info: Redefining \scshape on input line 4027.
LaTeX Info: Redefining \upshape on input line 4032.
LaTeX Info: Redefining \em on input line 4062.
LaTeX Info: Redefining \emph on input line 4087.
))
("C:\Users\Websiteshop\AppData\Local\Programs\MiKTeX 2.9\tex/latex/graphics\gra
phicx.sty"
Package: graphicx 2017/06/01 v1.1a Enhanced LaTeX Graphics (DPC,SPQR)

("C:\Users\Websiteshop\AppData\Local\Programs\MiKTeX 2.9\tex/latex/graphics\gra
phics.sty"
Package: graphics 2017/06/25 v1.2c Standard LaTeX Graphics (DPC,SPQR)

("C:\Users\Websiteshop\AppData\Local\Programs\MiKTeX 2.9\tex/latex/graphics\tri
g.sty"
Package: trig 2016/01/03 v1.10 sin cos tan (DPC)
)
("C:\Users\Websiteshop\AppData\Local\Programs\MiKTeX 2.9\tex/latex/graphics-cfg
\graphics.cfg"
File: graphics.cfg 2016/06/04 v1.11 sample graphics configuration
)
Package graphics Info: Driver file: xetex.def on input line 99.

("C:\Users\Websiteshop\AppData\Local\Programs\MiKTeX 2.9\tex/latex/graphics-def
\xetex.def"
File: xetex.def 2017/06/24 v5.0h Graphics/color driver for xetex
))
\Gin@req@height=\dimen138
\Gin@req@width=\dimen139
)
("C:\Users\Websiteshop\AppData\Local\Programs\MiKTeX 2.9\tex/latex/lm\lmodern.s
ty"
Package: lmodern 2009/10/30 v1.6 Latin Modern Fonts
LaTeX Font Info:    Overwriting symbol font `operators' in version `normal'
(Font)                  OT1/cmr/m/n --> OT1/lmr/m/n on input line 22.
LaTeX Font Info:    Overwriting symbol font `letters' in version `normal'
(Font)                  OML/cmm/m/it --> OML/lmm/m/it on input line 23.
LaTeX Font Info:    Overwriting symbol font `symbols' in version `normal'
(Font)                  OMS/cmsy/m/n --> OMS/lmsy/m/n on input line 24.
LaTeX Font Info:    Overwriting symbol font `largesymbols' in version `normal'
(Font)                  OMX/cmex/m/n --> OMX/lmex/m/n on input line 25.
LaTeX Font Info:    Overwriting symbol font `operators' in version `bold'
(Font)                  OT1/cmr/bx/n --> OT1/lmr/bx/n on input line 26.
LaTeX Font Info:    Overwriting symbol font `letters' in version `bold'
(Font)                  OML/cmm/b/it --> OML/lmm/b/it on input line 27.
LaTeX Font Info:    Overwriting symbol font `symbols' in version `bold'
(Font)                  OMS/cmsy/b/n --> OMS/lmsy/b/n on input line 28.
LaTeX Font Info:    Overwriting symbol font `largesymbols' in version `bold'
(Font)                  OMX/cmex/m/n --> OMX/lmex/m/n on input line 29.
LaTeX Font Info:    Overwriting math alphabet `\mathbf' in version `normal'
(Font)                  OT1/cmr/bx/n --> OT1/lmr/bx/n on input line 31.
LaTeX Font Info:    Overwriting math alphabet `\mathsf' in version `normal'
(Font)                  OT1/cmss/m/n --> OT1/lmss/m/n on input line 32.
LaTeX Font Info:    Overwriting math alphabet `\mathit' in version `normal'
(Font)                  OT1/cmr/m/it --> OT1/lmr/m/it on input line 33.
LaTeX Font Info:    Overwriting math alphabet `\mathtt' in version `normal'
(Font)                  OT1/cmtt/m/n --> OT1/lmtt/m/n on input line 34.
LaTeX Font Info:    Overwriting math alphabet `\mathbf' in version `bold'
(Font)                  OT1/cmr/bx/n --> OT1/lmr/bx/n on input line 35.
LaTeX Font Info:    Overwriting math alphabet `\mathsf' in version `bold'
(Font)                  OT1/cmss/bx/n --> OT1/lmss/bx/n on input line 36.
LaTeX Font Info:    Overwriting math alphabet `\mathit' in version `bold'
(Font)                  OT1/cmr/bx/it --> OT1/lmr/bx/it on input line 37.
LaTeX Font Info:    Overwriting math alphabet `\mathtt' in version `bold'
(Font)                  OT1/cmtt/m/n --> OT1/lmtt/m/n on input line 38.
)
("C:\Users\Websiteshop\AppData\Local\Programs\MiKTeX 2.9\tex/latex/marvosym\mar
vosym.sty"
Package: marvosym 2011/07/20 v2.2 Martin Vogel's Symbols font definitions
) (picins.sty
Option `picins' Version 3.0 Sep. 1992, TH Darmstadt/HRZ
\@BILD=\box42
\@TEXT=\box43
\d@breite=\dimen140
\d@hoehe=\dimen141
\d@xoff=\dimen142
\d@yoff=\dimen143
\d@shad=\dimen144
\d@dash=\dimen145
\d@boxl=\dimen146
\d@pichskip=\dimen147
\d@tmp=\dimen148
\d@tmpa=\dimen149
\d@bskip=\dimen150
\hsiz@=\dimen151
\p@getot@l=\dimen152
\c@breite=\count183
\c@hoehe=\count184
\c@xoff=\count185
\c@yoff=\count186
\c@pos=\count187
\c@shad=\count188
\c@dash=\count189
\c@boxl=\count190
\c@zeilen=\count191
\@changemode=\count192
\c@piccaption=\count193
\c@piccaptionpos=\count194
\c@picpos=\count195
\c@whole=\count196
\c@half=\count197
\c@tmp=\count198
\c@tmpa=\count199
\c@tmpb=\count266
\c@tmpc=\count267
\c@tmpd=\count268
\d@leftskip=\skip52
\ptoti=\dimen153
\ptotii=\dimen154
\env@box=\box44
\d@envdp=\dimen155
\c@hsize=\count269
\c@envdp=\count270
\d@envb=\dimen156
)
(standard-DINA4-C6_online-stamp.aux)
\openout1 = `standard-DINA4-C6_online-stamp.aux'.

LaTeX Font Info:    Checking defaults for OML/cmm/m/it on input line 39.
LaTeX Font Info:    ... okay on input line 39.
LaTeX Font Info:    Checking defaults for T1/cmr/m/n on input line 39.
LaTeX Font Info:    ... okay on input line 39.
LaTeX Font Info:    Checking defaults for OT1/cmr/m/n on input line 39.
LaTeX Font Info:    ... okay on input line 39.
LaTeX Font Info:    Checking defaults for OMS/cmsy/m/n on input line 39.
LaTeX Font Info:    ... okay on input line 39.
LaTeX Font Info:    Checking defaults for TU/lmr/m/n on input line 39.
LaTeX Font Info:    ... okay on input line 39.
LaTeX Font Info:    Checking defaults for OMX/cmex/m/n on input line 39.
LaTeX Font Info:    ... okay on input line 39.
LaTeX Font Info:    Checking defaults for U/cmr/m/n on input line 39.
LaTeX Font Info:    ... okay on input line 39.
Class scrlttr2 Info: no date found for language `american'
(scrlttr2)           --> skipped on input line 39.
Class scrlttr2 Info: no date found for language `australien'
(scrlttr2)           --> skipped on input line 39.
Class scrlttr2 Info: no date found for language `british'
(scrlttr2)           --> skipped on input line 39.
Class scrlttr2 Info: no date found for language `canadian'
(scrlttr2)           --> skipped on input line 39.
Class scrlttr2 Info: no date found for language `newzealand'
(scrlttr2)           --> skipped on input line 39.
Class scrlttr2 Info: no date found for language `UKenglish'
(scrlttr2)           --> skipped on input line 39.
Class scrlttr2 Info: no date found for language `ukenglish'
(scrlttr2)           --> skipped on input line 39.
Class scrlttr2 Info: no date found for language `USenglish'
(scrlttr2)           --> skipped on input line 39.
Class scrlttr2 Info: no date found for language `usenglish'
(scrlttr2)           --> skipped on input line 39.
Package scrbase Info: activating ngerman \yourrefname on input line 39.
Package scrbase Info: activating ngerman \yourmailname on input line 39.
Package scrbase Info: activating ngerman \myrefname on input line 39.
Package scrbase Info: activating ngerman \customername on input line 39.
Package scrbase Info: activating ngerman \invoicename on input line 39.
Package scrbase Info: activating ngerman \subjectname on input line 39.
Package scrbase Info: activating ngerman \headfromname on input line 39.
Package scrbase Info: activating ngerman \datename on input line 39.
Package scrbase Info: activating ngerman \phonename on input line 39.
Package scrbase Info: activating ngerman \mobilephonename on input line 39.
Package scrbase Info: activating ngerman \faxname on input line 39.
Package scrbase Info: activating ngerman \emailname on input line 39.
Package scrbase Info: activating ngerman \wwwname on input line 39.
Package scrbase Info: activating ngerman \bankname on input line 39.
Class scrlttr2 Info: no date found for language `german'
(scrlttr2)           --> skipped on input line 39.
Class scrlttr2 Info: no date found for language `austrian'
(scrlttr2)           --> skipped on input line 39.
Class scrlttr2 Info: no date found for language `naustrian'
(scrlttr2)           --> skipped on input line 39.
Class scrlttr2 Info: no date found for language `swissgerman'
(scrlttr2)           --> skipped on input line 39.
Class scrlttr2 Info: no date found for language `nswissgerman'
(scrlttr2)           --> skipped on input line 39.
Class scrlttr2 Info: no date found for language `acadian'
(scrlttr2)           --> skipped on input line 39.
Class scrlttr2 Info: no date found for language `canadien'
(scrlttr2)           --> skipped on input line 39.
Class scrlttr2 Info: no date found for language `francais'
(scrlttr2)           --> skipped on input line 39.
Class scrlttr2 Info: no date found for language `french'
(scrlttr2)           --> skipped on input line 39.
Class scrlttr2 Info: no date found for language `italian'
(scrlttr2)           --> skipped on input line 39.
Class scrlttr2 Info: no date found for language `spanish'
(scrlttr2)           --> skipped on input line 39.
Class scrlttr2 Info: no date found for language `croatian'
(scrlttr2)           --> skipped on input line 39.
Class scrlttr2 Info: no date found for language `dutch'
(scrlttr2)           --> skipped on input line 39.
Class scrlttr2 Info: no date found for language `finnish'
(scrlttr2)           --> skipped on input line 39.
Class scrlttr2 Info: no date found for language `norsk'
(scrlttr2)           --> skipped on input line 39.
Class scrlttr2 Info: no date found for language `swedish'
(scrlttr2)           --> skipped on input line 39.
Class scrlttr2 Info: no date found for language `polish'
(scrlttr2)           --> skipped on input line 39.
Class scrlttr2 Info: no date found for language `czech'
(scrlttr2)           --> skipped on input line 39.
Class scrlttr2 Info: no date found for language `slovak'
(scrlttr2)           --> skipped on input line 39.
Class scrlttr2 Info: trying to activate captions and date
(scrlttr2)           of language `ngerman' on input line 39.
Class scrlttr2 Info: used language is `ngerman'.
(scrlttr2)           Supported languages are: `english', `UKenglish',
(scrlttr2)           `ukenglish', `british', `american', `USenglish',
(scrlttr2)           `usenglish', `australian`,`canadian', `newzealand',
(scrlttr2)           `german', `ngerman', `austrian', `naustrian',
(scrlttr2)           `swissgerman', `nswissgermsn',
(scrlttr2)           `acadian', `canadien', `francais', `french', 
(scrlttr2)           `dutch', `italian', `spanish', `polish',
(scrlttr2)           `croatian', `finnish', `norsk', `swedish',
(scrlttr2)           `czech', `slovak' on input line 39.

Foldmarks: yes
Head of first page
Foot of first page
Address (backaddress, addressee)
LaTeX Font Info:    Try loading font information for OT1+lmr on input line 53.
("C:\Users\Websiteshop\AppData\Local\Programs\MiKTeX 2.9\tex/latex/lm\ot1lmr.fd
"
File: ot1lmr.fd 2009/10/30 v1.6 Font defs for Latin Modern
)
LaTeX Font Info:    Try loading font information for OML+lmm on input line 53.

("C:\Users\Websiteshop\AppData\Local\Programs\MiKTeX 2.9\tex/latex/lm\omllmm.fd
"
File: omllmm.fd 2009/10/30 v1.6 Font defs for Latin Modern
)
LaTeX Font Info:    Try loading font information for OMS+lmsy on input line 53.


("C:\Users\Websiteshop\AppData\Local\Programs\MiKTeX 2.9\tex/latex/lm\omslmsy.f
d"
File: omslmsy.fd 2009/10/30 v1.6 Font defs for Latin Modern
)
LaTeX Font Info:    Try loading font information for OMX+lmex on input line 53.


("C:\Users\Websiteshop\AppData\Local\Programs\MiKTeX 2.9\tex/latex/lm\omxlmex.f
d"
File: omxlmex.fd 2009/10/30 v1.6 Font defs for Latin Modern
)
LaTeX Font Info:    External font `lmex10' loaded for size
(Font)              <12> on input line 53.
LaTeX Font Info:    External font `lmex10' loaded for size
(Font)              <8> on input line 53.
LaTeX Font Info:    External font `lmex10' loaded for size
(Font)              <6> on input line 53.
File: stamp/test-stamp.pdf Graphic file (type pdf)
<use stamp/test-stamp.pdf>
File: stamp/test-stamp.pdf Graphic file (type pdf)
<use stamp/test-stamp.pdf>

Location field: empty
Missing character: There is no ^^K in font [lmsans8-regular]:mapping=tex-text;!
Missing character: There is no ^^K in font [lmroman12-regular]:mapping=tex-text
;!
Title: no
Subject: before opening
[1



] (standard-DINA4-C6_online-stamp.aux) ) 
Here is how much of TeX's memory you used:
 14298 strings out of 427748
 304762 string characters out of 3145877
 471571 words of memory out of 3000000
 18285 multiletter control sequences out of 15000+200000
 543411 words of font info for 40 fonts, out of 3000000 for 9000
 1328 hyphenation exceptions out of 8191
 46i,10n,51p,630b,446s stack positions out of 5000i,500n,10000p,200000b,50000s

Output written on standard-DINA4-C6_online-stamp.pdf (1 page).
